<?xml version="1.0" encoding="UTF-8"?>
<!-- Generated by org.testng.reporters.JUnitReportReporter -->
<testsuite hostname="om-PC" name="pkg.CLass1" tests="12" failures="0" timestamp="28 Oct 2017 03:41:32 GMT" time="0.049" errors="0">
  <testcase name="abc" time="0.003" classname="pkg.CLass1"/>
  <testcase name="abc" time="0.002" classname="pkg.CLass1"/>
  <testcase name="abc" time="0.002" classname="pkg.CLass1"/>
  <testcase name="abc" time="0.002" classname="pkg.CLass1"/>
  <testcase name="abc" time="0.008" classname="pkg.CLass1"/>
  <testcase name="abc" time="0.002" classname="pkg.CLass1"/>
  <testcase name="abc" time="0.019" classname="pkg.CLass1"/>
  <testcase name="abc" time="0.003" classname="pkg.CLass1"/>
  <testcase name="abc" time="0.002" classname="pkg.CLass1"/>
  <testcase name="abc" time="0.002" classname="pkg.CLass1"/>
  <testcase name="abc" time="0.002" classname="pkg.CLass1"/>
  <testcase name="abc" time="0.002" classname="pkg.CLass1"/>
</testsuite> <!-- pkg.CLass1 -->
